INFO:__main__:Extracted payload to: aup_files_payloads/A1066Pro-A3203-Plus_20121501_4ec6bb0_0ba46c8_payload.bin
INFO:__main__:Extracted payload to: aup_files_payloads/1-A1047-A1026_20060801_2da56f2_5bd367f_payload.bin
INFO:__main__:Extracted payload to: aup_files_payloads/A10APP_19120401_d46bc64_0367a8b_payload.bin
INFO:__main__:Extracted payload to: aup_files_payloads/A1066Pro-A3203-Plus_20051101_85dc6f0_0332654_payload.bin
INFO:__main__:Extracted payload to: aup_files_payloads/A1066_20041701_c70c754_8d702b6_payload.bin
INFO:__main__:Extracted payload to: aup_files_payloads/HASH-A3204_20070801_da46523_22e3cbf_payload.bin
INFO:__main__:Extracted payload to: aup_files_payloads/A1047-A1026_20060801_2da56f2_5bd367f_payload.bin
INFO:__main__:Extracted payload to: aup_files_payloads/HASH-A3202_20101501_a1d4225_b9b0631_payload.bin
INFO:__main__:Extracted payload to: aup_files_payloads/12-A1346N-A3200C-Plus-Temp75_23052402_6d4cd98_52772d0_payload.bin
INFO:__main__:Extracted payload to: aup_files_payloads/HASH-A3204_20061901_ee0ed56_030b0fc_payload.bin
INFO:__main__:Extracted payload to: aup_files_payloads/8-A1246-A3201-Plus-P3600W-New-Temp65_22011901_4ec6bb0_3e42b91（掉板优化）_payload.bin
INFO:__main__:Extracted payload to: aup_files_payloads/10-A1246N-A3200-Plus-P3600W-New-Temp75_22122701_66620f1_fcec056_payload.bin
INFO:__main__:Extracted payload to: aup_files_payloads/A1047-1026_20093002_100c280_e159f80_payload.bin
INFO:__main__:Extracted payload to: aup_files_payloads/2-A1066-1056-A3205-P3600W_20061701_f63fa4b_f63faaf_payload.bin
INFO:__main__:Extracted payload to: aup_files_payloads/A1366-A3198S-Temp75_23081801_8decc26_fc106ca_payload.bin
INFO:__main__:Extracted payload to: aup_files_payloads/A1047-A1026_20041701_c70c754_8d702b6_payload.bin
INFO:__main__:Extracted payload to: aup_files_payloads/HASH-A3203_20092501_a1d4225_25e3bde_payload.bin
INFO:__main__:Extracted payload to: aup_files_payloads/A1066Pro-A3204-Plus-P3600W_20121501_4ec6bb0_0ba46c8_payload.bin
INFO:__main__:Extracted payload to: aup_files_payloads/A1066Pro-A3204_20060801_2da56f2_5bd367f_payload.bin
INFO:__main__:Extracted payload to: aup_files_payloads/A1066Pro-A3204-Plus-P3600W_20082401_a1d4225_bde6237_payload.bin
INFO:__main__:Extracted payload to: aup_files_payloads/A1066_20080702_a590d24_3dbc55b_payload.bin
INFO:__main__:Extracted payload to: aup_files_payloads/HASH-A3203_20101901_a1d4225_8fc417f_payload.bin
INFO:__main__:Extracted payload to: aup_files_payloads/HASH-A3201_20101501_a1d4225_b9b0631_payload.bin
INFO:__main__:Extracted payload to: aup_files_payloads/A1066Pro-A3204-Plus-P3600W_20060801_2da56f2_5bd367f_payload.bin
INFO:__main__:Extracted payload to: aup_files_payloads/10-1-A1246N-A3200-Plus-P3600W-New-Temp75_23021601_66620f1_27c9e34_payload.bin
INFO:__main__:Extracted payload to: aup_files_payloads/A1066Pro-A3204-Plus_20051101_85dc6f0_0332654_payload.bin
INFO:__main__:Extracted payload to: aup_files_payloads/A10APP_19082601_59a9515_f115e07_payload.bin
INFO:__main__:Extracted payload to: aup_files_payloads/A10APP_19070501_51b5098_ac80c35_payload.bin
INFO:__main__:Extracted payload to: aup_files_payloads/A1066APP_19102901_3e327bd_87cd194_payload.bin
INFO:__main__:Extracted payload to: aup_files_payloads/HASH-A3203_20061901_ee0ed56_030b0fc_payload.bin
INFO:__main__:Extracted payload to: aup_files_payloads/HASH-A3203_20101501_a1d4225_5a321e8_payload.bin
INFO:__main__:Extracted payload to: aup_files_payloads/A10APP_19062002_1e9d1b0_61887c8_payload.bin
INFO:__main__:Extracted payload to: aup_files_payloads/A10APP_19081502_cb7b495_f83aacc_payload.bin
INFO:__main__:Extracted payload to: aup_files_payloads/HASH-A3203_20070801_da46523_22e3cbf_payload.bin
INFO:__main__:Extracted payload to: aup_files_payloads/A1066Pro-A3203-Plus_20080601_ee8af60_779ebe1_payload.bin
INFO:__main__:Extracted payload to: aup_files_payloads/A1066Pro-A3204-Plus-P3600W_20051101_85dc6f0_0332654_payload.bin
INFO:__main__:Extracted payload to: aup_files_payloads/A10APP_19072001_1b802ac_57337b6_payload.bin
INFO:__main__:Extracted payload to: aup_files_payloads/A1346I-N-A3200C-P2500W-LC-2HASH_23011801_6d4cd98_50a62da_payload.bin
INFO:__main__:Extracted payload to: aup_files_payloads/HASH-A3204_20101901_a1d4225_8fc417f_payload.bin
INFO:__main__:Extracted payload to: aup_files_payloads/A1066Pro-A3203-Plus_20041701_c70c754_8d702b6_payload.bin
INFO:__main__:Extracted payload to: aup_files_payloads/A1047-A1026_20080702_a590d24_3dbc55b_payload.bin
INFO:__main__:Extracted payload to: aup_files_payloads/A10APP_19092602_0ffffea_792de5e_payload.bin
INFO:__main__:Extracted payload to: aup_files_payloads/A10APP_19060601_df8c2df_b996f69_payload.bin
INFO:__main__:Extracted payload to: aup_files_payloads/A1066APP_19120301_d9f41bc_309b4ea_payload.bin
INFO:__main__:Extracted payload to: aup_files_payloads/HASH-A3202_20070801_da46523_22e3cbf_payload.bin
INFO:__main__:Extracted payload to: aup_files_payloads/HASH-A3204_20101501_a1d4225_5a321e8_payload.bin
INFO:__main__:Extracted payload to: aup_files_payloads/A10APP_19092901_cc801a3_3f2e3c6_payload.bin
INFO:__main__:Extracted payload to: aup_files_payloads/4-A1066Pro-A3203-Plus_20080601_ee8af60_779ebe1_payload.bin
INFO:__main__:Extracted payload to: aup_files_payloads/A10APP_19100902_fe411a8_ea5ac00_payload.bin
INFO:__main__:Extracted payload to: aup_files_payloads/A1066_20033101_daa810f_57f076c_payload.bin
INFO:__main__:Extracted payload to: aup_files_payloads/A1066Pro-A3203-Plus_20060801_2da56f2_5bd367f_payload.bin
INFO:__main__:Extracted payload to: aup_files_payloads/A1066APP_19120401_04a8049_c68e1c8_payload.bin
INFO:__main__:Extracted payload to: aup_files_payloads/5-A1146Pro-A3203-Plus-P3600W_20080301_ee8af60_779ebe1_payload.bin
INFO:__main__:Extracted payload to: aup_files_payloads/3-A1066Pro-A3204-Plus-P3600W_20082401_a1d4225_bde6237_payload.bin
INFO:__main__:Extracted payload to: aup_files_payloads/A1066APP_20022601_35cf330_1200c18_payload.bin
INFO:__main__:Extracted payload to: aup_files_payloads/A1066_20060801_2da56f2_5bd367f_payload.bin
INFO:__main__:Extracted payload to: aup_files_payloads/A1066-1056-A3205-P3600W_20061701_f63fa4b_f63faaf_payload.bin
INFO:__main__:Extracted payload to: aup_files_payloads/A1166Pro-A3202-Plus-P3600W-New_20101401_a1d4225_c216f8f_payload.bin
INFO:__main__:Extracted payload to: aup_files_payloads/A10APP_19091201_958140f_b927db7_payload.bin
INFO:__main__:Extracted payload to: aup_files_payloads/A1047-A1026_20042901_c379a0b_62ff94a_payload.bin
INFO:__main__:Extracted payload to: aup_files_payloads/A1066PRO-A3204_20121501_4ec6bb0_0ba46c8_payload.bin
INFO:__main__:Extracted payload to: aup_files_payloads/APPA3203_20040301_be07cfbt_89a79da_payload.bin
INFO:__main__:Extracted payload to: aup_files_payloads/7-A1166Pro-A3202-Plus-P3600W-New_20101401_a1d4225_c216f8f_payload.bin
INFO:__main__:Extracted payload to: aup_files_payloads/A1066Pro-A3204_20051101_85dc6f0_0332654_payload.bin
INFO:__main__:Extracted payload to: aup_files_payloads/A1366I-A3200C-Plus-LC_23052403_6d4cd98_52772d0_payload.bin
INFO:__main__:Extracted payload to: aup_files_payloads/13-A1346-A3200C-Plus-Temp75_23060601_8decc26_7446f70_payload.bin
INFO:__main__:Extracted payload to: aup_files_payloads/A1066Pro-A3204_20042901_c379a0b_62ff94a_payload.bin
INFO:__main__:Extracted payload to: aup_files_payloads/APPA3204_20040201_be07cfbt_02128ff_payload.bin
INFO:__main__:Extracted payload to: aup_files_payloads/A1047-A1026_20051101_85dc6f0_0332654_payload.bin
INFO:__main__:Extracted payload to: aup_files_payloads/A1066Pro-A3204-Plus_20041701_c70c754_8d702b6_payload.bin
INFO:__main__:Extracted payload to: aup_files_payloads/9-A1246-A3201-Plus-P3600W-New-Temp70-2HASH_22011902_4ec6bb0_3e42b91(掉板优化）_payload.bin
INFO:__main__:Extracted payload to: aup_files_payloads/A1066Pro-A3204-Plus_20121501_4ec6bb0_0ba46c8_payload.bin
INFO:__main__:Extracted payload to: aup_files_payloads/A10APP_19073101_1aa37bb_ecd3060_payload.bin
INFO:__main__:Extracted payload to: aup_files_payloads/A10APP_19111902_4345cf6_b7798fd_payload.bin
INFO:__main__:Extracted payload to: aup_files_payloads/A1066APP_19111502_e1a9ab6_6d08130_payload.bin
INFO:__main__:Extracted payload to: aup_files_payloads/A1246-A3200LC-Plus-P3600W-New-Temp75-2HASH_22062202_be77c30_a769bbf_payload.bin
INFO:__main__:Extracted payload to: aup_files_payloads/HASH-A3202_20101901_a1d4225_8fc417f_payload.bin
INFO:__main__:Extracted payload to: aup_files_payloads/A1246-A3201-Plus-P3600W-New-Temp65_21042901_4ec6bb0_cc04190t_payload.bin
INFO:__main__:Extracted payload to: aup_files_payloads/A1166Pro-A3202-Plus-P3600W_20121001_4ec6bb0_8ea286a_payload.bin
INFO:__main__:Extracted payload to: aup_files_payloads/A1366I-A3198S-LC_23092602_8decc26_161b39d_payload.bin
INFO:__main__:Extracted payload to: aup_files_payloads/A10APP_19092301_6c998b0_5460f89_payload.bin
INFO:__main__:Extracted payload to: aup_files_payloads/HASH-A3202_20092501_a1d4225_25e3bde_payload.bin
INFO:__main__:Extracted payload to: aup_files_payloads/A10APP_19072902_b5ff440_c2a3a66_payload.bin
INFO:__main__:Extracted payload to: aup_files_payloads/A1047-A1026_20090401_fb963dc_1236943_payload.bin
INFO:__main__:Extracted payload to: aup_files_payloads/A10APP_19080701_bf8cf0f_3096003_payload.bin
INFO:__main__:Extracted payload to: aup_files_payloads/A1066_20051101_85dc6f0_0332654_payload.bin
INFO:__main__:Extracted payload to: aup_files_payloads/11-A1246-A3200LC-Plus-P3600W-New-Temp75-2HASH_22062202_be77c30_a769bbf_payload.bin
INFO:__main__:Extracted payload to: aup_files_payloads/A1066Pro-A3204-Plus_20060801_2da56f2_5bd367f_payload.bin
INFO:__main__:Extracted payload to: aup_files_payloads/A1066Pro-A3204-Plus_20042901_c379a0b_62ff94a_payload.bin
INFO:__main__:Extracted payload to: aup_files_payloads/A1066_20042901_c379a0b_62ff94a_payload.bin
INFO:__main__:Extracted payload to: aup_files_payloads/A10APP_19082902_cbc3a40_cc80dda_payload.bin
INFO:__main__:Extracted payload to: aup_files_payloads/A1166Pro-A3202-Plus-P3600W-New_20121001_4ec6bb0_8ea286a_payload.bin
INFO:__main__:Extracted payload to: aup_files_payloads/HASH-A3202_20061901_ee0ed56_030b0fc_payload.bin
INFO:__main__:Extracted payload to: aup_files_payloads/A1066Pro-A3203-Plus_20042901_c379a0b_62ff94a_payload.bin
INFO:__main__:Extracted payload to: aup_files_payloads/6-A1166Pro-A3202-Plus-P3600W_20091101_a1d4225_0a448d4_payload.bin
INFO:__main__:Extracted payload to: aup_files_payloads/HASH-A3201_20123101_4ec6bb0_82f0849_payload.bin
INFO:__main__:Extracted payload to: aup_files_payloads/14-A1346I-N-A3200C-P2500W-LC-2HASH_23011801_6d4cd98_50a62da_payload.bin
INFO:__main__:Extracted payload to: aup_files_payloads/HASH-A3204_20092501_a1d4225_25e3bde_payload.bin
INFO:__main__:Extracted payload to: aup_files_payloads/A1146Pro-A3203-Plus-P3600W_20080301_ee8af60_779ebe1_payload.bin
INFO:__main__:Extracted payload to: aup_files_payloads/A1066Pro-A3204_20041701_c70c754_8d702b6_payload.bin

Parsing Results:
===============

File: A1066Pro-A3203-Plus_20121501_4ec6bb0_0ba46c8.aup
Valid: True
Version: 2
Firmware Version: 20121501_4ec6bb0_0ba46c8
Payload Length: 790080
Payload CRC: 04ea5413
Header Size: 200
Hardware Types: MM3v1_X3
Software Types: MM312, MM312_OOW
Payload CRC Valid: True

File: 1-A1047-A1026_20060801_2da56f2_5bd367f.aup
Valid: True
Version: 2
Firmware Version: 20060801_2da56f2_5bd367f
Payload Length: 861056
Payload CRC: c0a66729
Header Size: 200
Hardware Types: MM3v1
Software Types: MM310, MM310_OOW
Payload CRC Valid: True

File: A10APP_19120401_d46bc64_0367a8b.aup
Valid: True
Version: 0
Firmware Version: 19120401_d46bc64_0367a8b
Payload Length: 736901
Payload CRC: e446ea7c
Header Size: 92
Payload CRC Valid: True

File: A1066Pro-A3203-Plus_20051101_85dc6f0_0332654.aup
Valid: True
Version: 2
Firmware Version: 20051101_85dc6f0_0332654
Payload Length: 857925
Payload CRC: a988aa53
Header Size: 200
Hardware Types: MM3v1_X3
Software Types: MM312, MM312_OOW
Payload CRC Valid: True

File: A1066_20041701_c70c754_8d702b6.aup
Valid: True
Version: 2
Firmware Version: 20041701_c70c754_8d702b6
Payload Length: 856325
Payload CRC: cd416273
Header Size: 200
Hardware Types: MM3v1_X3
Software Types: MM310, MM310_OOW
Payload CRC Valid: True

File: HASH-A3204_20070801_da46523_22e3cbf.aup
Valid: True
Version: 0
Firmware Version: 20070801_da46523_22e3cbf
Payload Length: 128901
Payload CRC: 8e15052c
Header Size: 92
Payload CRC Valid: True

File: A1047-A1026_20060801_2da56f2_5bd367f.aup
Valid: True
Version: 2
Firmware Version: 20060801_2da56f2_5bd367f
Payload Length: 861056
Payload CRC: c0a66729
Header Size: 200
Hardware Types: MM3v1
Software Types: MM310, MM310_OOW
Payload CRC Valid: True

File: HASH-A3202_20101501_a1d4225_b9b0631.aup
Valid: True
Version: 0
Firmware Version: 20101501_a1d4225_b9b0631
Payload Length: 135749
Payload CRC: f3a0360f
Header Size: 92
Payload CRC Valid: True

File: 12-A1346N-A3200C-Plus-Temp75_23052402_6d4cd98_52772d0.aup
Valid: True
Version: 2
Firmware Version: 23052402_6d4cd98_52772d0
Payload Length: 1081029
Payload CRC: 93b2850b
Header Size: 200
Hardware Types: MM3v2_X3
Software Types: MM317, MM317_OOW
Payload CRC Valid: True

File: HASH-A3204_20061901_ee0ed56_030b0fc.aup
Valid: True
Version: 0
Firmware Version: 20061901_ee0ed56_030b0fc
Payload Length: 128837
Payload CRC: 6705217a
Header Size: 92
Payload CRC Valid: True

File: 8-A1246-A3201-Plus-P3600W-New-Temp65_22011901_4ec6bb0_3e42b91（掉板优化）.aup
Valid: True
Version: 2
Firmware Version: 22011901_4ec6bb0_3e42b91
Payload Length: 800837
Payload CRC: 03825aac
Header Size: 200
Hardware Types: MM3v2_X3
Software Types: MM314, MM314_OOW
Payload CRC Valid: True

File: 10-A1246N-A3200-Plus-P3600W-New-Temp75_22122701_66620f1_fcec056.aup
Valid: True
Version: 2
Firmware Version: 22122701_66620f1_fcec056
Payload Length: 1056901
Payload CRC: 04f8a2d0
Header Size: 200
Hardware Types: MM3v2_X3
Software Types: MM315, MM315_OOW
Payload CRC Valid: True

File: A1047-1026_20093002_100c280_e159f80.aup
Valid: True
Version: 2
Firmware Version: 20093002_100c280_e159f80
Payload Length: 763008
Payload CRC: 616a8d42
Header Size: 200
Hardware Types: MM3v1
Software Types: MM310, MM310_OOW
Payload CRC Valid: True

File: 2-A1066-1056-A3205-P3600W_20061701_f63fa4b_f63faaf.aup
Valid: True
Version: 2
Firmware Version: 20061701_f63fa4b_f63faaf
Payload Length: 861120
Payload CRC: 61e6afff
Header Size: 200
Hardware Types: MM3v1_X3
Software Types: MM310, MM310_OOW
Payload CRC Valid: True

File: A1366-A3198S-Temp75_23081801_8decc26_fc106ca.aup
Valid: True
Version: 2
Firmware Version: 23081801_8decc26_fc106ca
Payload Length: 1079877
Payload CRC: 981c3ca7
Header Size: 200
Hardware Types: MM4v1_X3
Software Types: MM318_X2, MM318_X2_OOW
Payload CRC Valid: True

File: A1047-A1026_20041701_c70c754_8d702b6.aup
Valid: True
Version: 0
Firmware Version: 20041701_c70c754_8d702b6
Payload Length: 856325
Payload CRC: cf58cd65
Header Size: 92
Payload CRC Valid: True

File: HASH-A3203_20092501_a1d4225_25e3bde.aup
Valid: True
Version: 0
Firmware Version: 20092501_a1d4225_25e3bde
Payload Length: 130949
Payload CRC: 7b3441b3
Header Size: 92
Payload CRC Valid: True

File: A1066Pro-A3204-Plus-P3600W_20121501_4ec6bb0_0ba46c8.aup
Valid: True
Version: 2
Firmware Version: 20121501_4ec6bb0_0ba46c8
Payload Length: 790464
Payload CRC: 1b7d1ccb
Header Size: 200
Hardware Types: MM3v1_X3
Software Types: MM311, MM311_OOW
Payload CRC Valid: True

File: A1066Pro-A3204_20060801_2da56f2_5bd367f.aup
Valid: True
Version: 2
Firmware Version: 20060801_2da56f2_5bd367f
Payload Length: 859776
Payload CRC: 02bbebb1
Header Size: 200
Hardware Types: MM3v1_X3
Software Types: MM311, MM311_OOW
Payload CRC Valid: True

File: A1066Pro-A3204-Plus-P3600W_20082401_a1d4225_bde6237.aup
Valid: True
Version: 2
Firmware Version: 20082401_a1d4225_bde6237
Payload Length: 760640
Payload CRC: 667a7178
Header Size: 200
Hardware Types: MM3v1_X3
Software Types: MM311, MM311_OOW
Payload CRC Valid: True

File: A1066_20080702_a590d24_3dbc55b.aup
Valid: True
Version: 2
Firmware Version: 20080702_a590d24_3dbc55b
Payload Length: 750272
Payload CRC: 8b3b0100
Header Size: 200
Hardware Types: MM3v1_X3
Software Types: MM310, MM310_OOW
Payload CRC Valid: True

File: HASH-A3203_20101901_a1d4225_8fc417f.aup
Valid: True
Version: 0
Firmware Version: 20101901_a1d4225_8fc417f
Payload Length: 131845
Payload CRC: ec71362c
Header Size: 92
Payload CRC Valid: True

File: HASH-A3201_20101501_a1d4225_b9b0631.aup
Valid: True
Version: 0
Firmware Version: 20101501_a1d4225_b9b0631
Payload Length: 135173
Payload CRC: 1c12afc0
Header Size: 92
Payload CRC Valid: True

File: A1066Pro-A3204-Plus-P3600W_20060801_2da56f2_5bd367f.aup
Valid: True
Version: 2
Firmware Version: 20060801_2da56f2_5bd367f
Payload Length: 860480
Payload CRC: d86045a0
Header Size: 200
Hardware Types: MM3v1_X3
Software Types: MM311, MM311_OOW
Payload CRC Valid: True

File: 10-1-A1246N-A3200-Plus-P3600W-New-Temp75_23021601_66620f1_27c9e34.aup
Valid: True
Version: 2
Firmware Version: 23021601_66620f1_27c9e34
Payload Length: 1069765
Payload CRC: b85542f8
Header Size: 200
Hardware Types: MM3v2_X3
Software Types: MM315, MM315_OOW
Payload CRC Valid: True

File: A1066Pro-A3204-Plus_20051101_85dc6f0_0332654.aup
Valid: True
Version: 2
Firmware Version: 20051101_85dc6f0_0332654
Payload Length: 858437
Payload CRC: 2c30d18d
Header Size: 200
Hardware Types: MM3v1_X3
Software Types: MM311, MM311_OOW
Payload CRC Valid: True

File: A10APP_19082601_59a9515_f115e07.aup
Valid: True
Version: 0
Firmware Version: 19082601_59a9515_f115e07
Payload Length: 727877
Payload CRC: c770cb8d
Header Size: 92
Payload CRC Valid: True

File: A10APP_19070501_51b5098_ac80c35.aup
Valid: True
Version: 0
Firmware Version: 19070501_51b5098_ac80c35
Payload Length: 710789
Payload CRC: 3f3f8d6f
Header Size: 92
Payload CRC Valid: True

File: A1066APP_19102901_3e327bd_87cd194.aup
Valid: True
Version: 1
Firmware Version: 19102901_3e327bd_87cd194
Payload Length: 736453
Payload CRC: c65f5e7d
Header Size: 224
Hardware Types: MM3v1_X3, 
Payload CRC Valid: True

File: HASH-A3203_20061901_ee0ed56_030b0fc.aup
Valid: True
Version: 0
Firmware Version: 20061901_ee0ed56_030b0fc
Payload Length: 128261
Payload CRC: 606aaa1c
Header Size: 92
Payload CRC Valid: True

File: HASH-A3203_20101501_a1d4225_5a321e8.aup
Valid: True
Version: 0
Firmware Version: 20101501_a1d4225_5a321e8
Payload Length: 131717
Payload CRC: 321c60f6
Header Size: 92
Payload CRC Valid: True

File: A10APP_19062002_1e9d1b0_61887c8.aup
Valid: True
Version: 0
Firmware Version: 19062002_1e9d1b0_61887c8
Payload Length: 710213
Payload CRC: a47a0fad
Header Size: 92
Payload CRC Valid: True

File: A10APP_19081502_cb7b495_f83aacc.aup
Valid: True
Version: 0
Firmware Version: 19081502_cb7b495_f83aacc
Payload Length: 725061
Payload CRC: bd7e78c2
Header Size: 92
Payload CRC Valid: True

File: HASH-A3203_20070801_da46523_22e3cbf.aup
Valid: True
Version: 0
Firmware Version: 20070801_da46523_22e3cbf
Payload Length: 128261
Payload CRC: e725b9dd
Header Size: 92
Payload CRC Valid: True

File: A1066Pro-A3203-Plus_20080601_ee8af60_779ebe1.aup
Valid: True
Version: 2
Firmware Version: 20080601_ee8af60_779ebe1
Payload Length: 759232
Payload CRC: 4c393f9c
Header Size: 200
Hardware Types: MM3v1_X3
Software Types: MM312, MM312_OOW
Payload CRC Valid: True

File: A1066Pro-A3204-Plus-P3600W_20051101_85dc6f0_0332654.aup
Valid: True
Version: 2
Firmware Version: 20051101_85dc6f0_0332654
Payload Length: 858437
Payload CRC: d9d62c26
Header Size: 200
Hardware Types: MM3v1_X3
Software Types: MM311, MM311_OOW
Payload CRC Valid: True

File: A10APP_19072001_1b802ac_57337b6.aup
Valid: True
Version: 0
Firmware Version: 19072001_1b802ac_57337b6
Payload Length: 726917
Payload CRC: 81108317
Header Size: 92
Payload CRC Valid: True

File: A1346I-N-A3200C-P2500W-LC-2HASH_23011801_6d4cd98_50a62da.aup
Valid: True
Version: 2
Firmware Version: 23011801_6d4cd98_50a62da
Payload Length: 1065605
Payload CRC: 5ef59cd6
Header Size: 200
Hardware Types: MM3v2_X2_LC
Software Types: MM317, MM317_OOW
Payload CRC Valid: True

File: HASH-A3204_20101901_a1d4225_8fc417f.aup
Valid: True
Version: 0
Firmware Version: 20101901_a1d4225_8fc417f
Payload Length: 132357
Payload CRC: f1d96c2d
Header Size: 92
Payload CRC Valid: True

File: A1066Pro-A3203-Plus_20041701_c70c754_8d702b6.aup
Valid: True
Version: 2
Firmware Version: 20041701_c70c754_8d702b6
Payload Length: 854981
Payload CRC: ab186445
Header Size: 200
Hardware Types: MM3v1_X3
Software Types: MM312, MM312_OOW
Payload CRC Valid: True

File: A1047-A1026_20080702_a590d24_3dbc55b.aup
Valid: True
Version: 2
Firmware Version: 20080702_a590d24_3dbc55b
Payload Length: 750208
Payload CRC: 48457553
Header Size: 200
Hardware Types: MM3v1
Software Types: MM310, MM310_OOW
Payload CRC Valid: True

File: A10APP_19092602_0ffffea_792de5e.aup
Valid: True
Version: 0
Firmware Version: 19092602_0ffffea_792de5e
Payload Length: 735429
Payload CRC: 94d10501
Header Size: 92
Payload CRC Valid: True

File: A10APP_19060601_df8c2df_b996f69.aup
Valid: True
Version: 0
Firmware Version: 19060601_df8c2df_b996f69
Payload Length: 709253
Payload CRC: bfd54145
Header Size: 92
Payload CRC Valid: True

File: A1066APP_19120301_d9f41bc_309b4ea.aup
Valid: True
Version: 1
Firmware Version: 19120301_d9f41bc_309b4ea
Payload Length: 737477
Payload CRC: a02f79db
Header Size: 224
Hardware Types: MM3v1, MM3v1_X3
Payload CRC Valid: True

File: HASH-A3202_20070801_da46523_22e3cbf.aup
Valid: True
Version: 0
Firmware Version: 20070801_da46523_22e3cbf
Payload Length: 131909
Payload CRC: 7bae924a
Header Size: 92
Payload CRC Valid: True

File: HASH-A3204_20101501_a1d4225_5a321e8.aup
Valid: True
Version: 0
Firmware Version: 20101501_a1d4225_5a321e8
Payload Length: 132229
Payload CRC: 8593698a
Header Size: 92
Payload CRC Valid: True

File: A10APP_19092901_cc801a3_3f2e3c6.aup
Valid: True
Version: 0
Firmware Version: 19092901_cc801a3_3f2e3c6
Payload Length: 735557
Payload CRC: faf46513
Header Size: 92
Payload CRC Valid: True

File: 4-A1066Pro-A3203-Plus_20080601_ee8af60_779ebe1.aup
Valid: True
Version: 2
Firmware Version: 20080601_ee8af60_779ebe1
Payload Length: 759232
Payload CRC: 4c393f9c
Header Size: 200
Hardware Types: MM3v1_X3
Software Types: MM312, MM312_OOW
Payload CRC Valid: True

File: A10APP_19100902_fe411a8_ea5ac00.aup
Valid: True
Version: 0
Firmware Version: 19100902_fe411a8_ea5ac00
Payload Length: 735621
Payload CRC: 153f9c8d
Header Size: 92
Payload CRC Valid: True

File: A1066_20033101_daa810f_57f076c.aup
Valid: True
Version: 2
Firmware Version: 20033101_daa810f_57f076c
Payload Length: 838149
Payload CRC: c9d0be06
Header Size: 200
Hardware Types: MM3v1_X3
Software Types: MM310, MM310_OOW
Payload CRC Valid: True

File: A1066Pro-A3203-Plus_20060801_2da56f2_5bd367f.aup
Valid: True
Version: 2
Firmware Version: 20060801_2da56f2_5bd367f
Payload Length: 860096
Payload CRC: e5b7385a
Header Size: 200
Hardware Types: MM3v1_X3
Software Types: MM312, MM312_OOW
Payload CRC Valid: True

File: A1066APP_19120401_04a8049_c68e1c8.aup
Valid: True
Version: 1
Firmware Version: 19120401_04a8049_c68e1c8
Payload Length: 737349
Payload CRC: 39eb9f64
Header Size: 224
Hardware Types: MM3v1_X3
Payload CRC Valid: True

File: 5-A1146Pro-A3203-Plus-P3600W_20080301_ee8af60_779ebe1.aup
Valid: True
Version: 2
Firmware Version: 20080301_ee8af60_779ebe1
Payload Length: 758912
Payload CRC: 92601aae
Header Size: 200
Hardware Types: MM3v2_X3
Software Types: MM312, MM312_OOW
Payload CRC Valid: True

File: 3-A1066Pro-A3204-Plus-P3600W_20082401_a1d4225_bde6237.aup
Valid: True
Version: 2
Firmware Version: 20082401_a1d4225_bde6237
Payload Length: 760640
Payload CRC: 667a7178
Header Size: 200
Hardware Types: MM3v1_X3
Software Types: MM311, MM311_OOW
Payload CRC Valid: True

File: A1066APP_20022601_35cf330_1200c18.aup
Valid: True
Version: 2
Firmware Version: 20022601_35cf330_1200c18
Payload Length: 837765
Payload CRC: ba3bf8ab
Header Size: 264
Hardware Types: MM3v1_X3
Software Types: MM310, MM310_OOW, MM310_X3, MM310_X3_OOW
Payload CRC Valid: True

File: A1066_20060801_2da56f2_5bd367f.aup
Valid: True
Version: 2
Firmware Version: 20060801_2da56f2_5bd367f
Payload Length: 861120
Payload CRC: 5ee4729c
Header Size: 200
Hardware Types: MM3v1_X3
Software Types: MM310, MM310_OOW
Payload CRC Valid: True

File: A1066-1056-A3205-P3600W_20061701_f63fa4b_f63faaf.aup
Valid: True
Version: 2
Firmware Version: 20061701_f63fa4b_f63faaf
Payload Length: 861120
Payload CRC: 61e6afff
Header Size: 200
Hardware Types: MM3v1_X3
Software Types: MM310, MM310_OOW
Payload CRC Valid: True

File: A1166Pro-A3202-Plus-P3600W-New_20101401_a1d4225_c216f8f.aup
Valid: True
Version: 2
Firmware Version: 20101401_a1d4225_c216f8f
Payload Length: 768896
Payload CRC: 0af6189f
Header Size: 200
Hardware Types: MM3v2_X3
Software Types: MM313, MM313_OOW
Payload CRC Valid: True

File: A10APP_19091201_958140f_b927db7.aup
Valid: True
Version: 0
Firmware Version: 19091201_958140f_b927db7
Payload Length: 731205
Payload CRC: 4f2717f3
Header Size: 92
Payload CRC Valid: True

File: A1047-A1026_20042901_c379a0b_62ff94a.aup
Valid: True
Version: 0
Firmware Version: 20042901_c379a0b_62ff94a
Payload Length: 857797
Payload CRC: fca2dea7
Header Size: 92
Payload CRC Valid: True

File: A1066PRO-A3204_20121501_4ec6bb0_0ba46c8.aup
Valid: True
Version: 2
Firmware Version: 20121501_4ec6bb0_0ba46c8
Payload Length: 789632
Payload CRC: 3c7ffd8d
Header Size: 200
Hardware Types: MM3v1_X3
Software Types: MM311, MM311_OOW
Payload CRC Valid: True

File: APPA3203_20040301_be07cfbt_89a79da.aup
Valid: True
Version: 0
Firmware Version: 20040301_be07cfbt_89a79da
Payload Length: 124101
Payload CRC: bae737d6
Header Size: 92
Payload CRC Valid: True

File: 7-A1166Pro-A3202-Plus-P3600W-New_20101401_a1d4225_c216f8f.aup
Valid: True
Version: 2
Firmware Version: 20101401_a1d4225_c216f8f
Payload Length: 768896
Payload CRC: 0af6189f
Header Size: 200
Hardware Types: MM3v2_X3
Software Types: MM313, MM313_OOW
Payload CRC Valid: True

File: A1066Pro-A3204_20051101_85dc6f0_0332654.aup
Valid: True
Version: 2
Firmware Version: 20051101_85dc6f0_0332654
Payload Length: 857797
Payload CRC: ac40f711
Header Size: 200
Hardware Types: MM3v1_X3
Software Types: MM311, MM311_OOW
Payload CRC Valid: True

File: A1366I-A3200C-Plus-LC_23052403_6d4cd98_52772d0.aup
Valid: True
Version: 2
Firmware Version: 23052403_6d4cd98_52772d0
Payload Length: 1078021
Payload CRC: 04b38f16
Header Size: 200
Hardware Types: MM4v1_X3_LC
Software Types: MM317, MM317_OOW
Payload CRC Valid: True

File: 13-A1346-A3200C-Plus-Temp75_23060601_8decc26_7446f70.aup
Valid: True
Version: 2
Firmware Version: 23060601_8decc26_7446f70
Payload Length: 1078789
Payload CRC: a48afef7
Header Size: 200
Hardware Types: MM4v1_X3
Software Types: MM317, MM317_OOW
Payload CRC Valid: True

File: A1066Pro-A3204_20042901_c379a0b_62ff94a.aup
Valid: True
Version: 2
Firmware Version: 20042901_c379a0b_62ff94a
Payload Length: 856837
Payload CRC: e4bdeb2f
Header Size: 200
Hardware Types: MM3v1_X3
Software Types: MM311, MM311_OOW
Payload CRC Valid: True

File: APPA3204_20040201_be07cfbt_02128ff.aup
Valid: True
Version: 0
Firmware Version: 20040201_be07cfbt_02128ff
Payload Length: 123141
Payload CRC: 08db4bea
Header Size: 92
Payload CRC Valid: True

File: A1047-A1026_20051101_85dc6f0_0332654.aup
Valid: True
Version: 0
Firmware Version: 20051101_85dc6f0_0332654
Payload Length: 858757
Payload CRC: 6a50867a
Header Size: 92
Payload CRC Valid: True

File: A1066Pro-A3204-Plus_20041701_c70c754_8d702b6.aup
Valid: True
Version: 2
Firmware Version: 20041701_c70c754_8d702b6
Payload Length: 855493
Payload CRC: f1d18150
Header Size: 200
Hardware Types: MM3v1_X3
Software Types: MM311, MM311_OOW
Payload CRC Valid: True

File: 9-A1246-A3201-Plus-P3600W-New-Temp70-2HASH_22011902_4ec6bb0_3e42b91(掉板优化）.aup
Valid: True
Version: 2
Firmware Version: 22011902_4ec6bb0_3e42b91
Payload Length: 800837
Payload CRC: c65a9dd3
Header Size: 200
Hardware Types: MM3v2_X2
Software Types: MM314, MM314_OOW
Payload CRC Valid: True

File: A1066Pro-A3204-Plus_20121501_4ec6bb0_0ba46c8.aup
Valid: True
Version: 2
Firmware Version: 20121501_4ec6bb0_0ba46c8
Payload Length: 790464
Payload CRC: acb34cbf
Header Size: 200
Hardware Types: MM3v1_X3
Software Types: MM311, MM311_OOW
Payload CRC Valid: True

File: A10APP_19073101_1aa37bb_ecd3060.aup
Valid: True
Version: 0
Firmware Version: 19073101_1aa37bb_ecd3060
Payload Length: 730373
Payload CRC: 0d6ea010
Header Size: 92
Payload CRC Valid: True

File: A10APP_19111902_4345cf6_b7798fd.aup
Valid: True
Version: 0
Firmware Version: 19111902_4345cf6_b7798fd
Payload Length: 737221
Payload CRC: 625d497d
Header Size: 92
Payload CRC Valid: True

File: A1066APP_19111502_e1a9ab6_6d08130.aup
Valid: True
Version: 1
Firmware Version: 19111502_e1a9ab6_6d08130
Payload Length: 737605
Payload CRC: 19aa49eb
Header Size: 224
Hardware Types: MM3v1_X3
Payload CRC Valid: True

File: A1246-A3200LC-Plus-P3600W-New-Temp75-2HASH_22062202_be77c30_a769bbf.aup
Valid: True
Version: 2
Firmware Version: 22062202_be77c30_a769bbf
Payload Length: 808709
Payload CRC: a2099536
Header Size: 200
Hardware Types: MM3v2_X2
Software Types: MM315, MM315_OOW
Payload CRC Valid: True

File: HASH-A3202_20101901_a1d4225_8fc417f.aup
Valid: True
Version: 0
Firmware Version: 20101901_a1d4225_8fc417f
Payload Length: 135877
Payload CRC: 0e8bca46
Header Size: 92
Payload CRC Valid: True

File: A1246-A3201-Plus-P3600W-New-Temp65_21042901_4ec6bb0_cc04190t.aup
Valid: True
Version: 2
Firmware Version: 21042901_4ec6bb0_cc04190t
Payload Length: 789632
Payload CRC: 2f0b3585
Header Size: 200
Hardware Types: MM3v2_X3
Software Types: MM314, MM314_OOW
Payload CRC Valid: True

File: A1166Pro-A3202-Plus-P3600W_20121001_4ec6bb0_8ea286a.aup
Valid: True
Version: 2
Firmware Version: 20121001_4ec6bb0_8ea286a
Payload Length: 787712
Payload CRC: f03f58e2
Header Size: 200
Hardware Types: MM3v1_X3
Software Types: MM313, MM313_OOW
Payload CRC Valid: True

File: A1366I-A3198S-LC_23092602_8decc26_161b39d.aup
Valid: True
Version: 2
Firmware Version: 23092602_8decc26_161b39d
Payload Length: 1075909
Payload CRC: f2bcc35b
Header Size: 200
Hardware Types: MM4v1_X3_LC
Software Types: MM318_X2, MM318_X2_OOW
Payload CRC Valid: True

File: A10APP_19092301_6c998b0_5460f89.aup
Valid: True
Version: 0
Firmware Version: 19092301_6c998b0_5460f89
Payload Length: 734597
Payload CRC: 72347513
Header Size: 92
Payload CRC Valid: True

File: HASH-A3202_20092501_a1d4225_25e3bde.aup
Valid: True
Version: 0
Firmware Version: 20092501_a1d4225_25e3bde
Payload Length: 134789
Payload CRC: 2e22ce73
Header Size: 92
Payload CRC Valid: True

File: A10APP_19072902_b5ff440_c2a3a66.aup
Valid: True
Version: 0
Firmware Version: 19072902_b5ff440_c2a3a66
Payload Length: 730053
Payload CRC: a3c7fde7
Header Size: 92
Payload CRC Valid: True

File: A1047-A1026_20090401_fb963dc_1236943.aup
Valid: True
Version: 2
Firmware Version: 20090401_fb963dc_1236943
Payload Length: 758208
Payload CRC: 437190cf
Header Size: 200
Hardware Types: MM3v1
Software Types: MM310, MM310_OOW
Payload CRC Valid: True

File: A10APP_19080701_bf8cf0f_3096003.aup
Valid: True
Version: 0
Firmware Version: 19080701_bf8cf0f_3096003
Payload Length: 725189
Payload CRC: 13d0ccf1
Header Size: 92
Payload CRC Valid: True

File: A1066_20051101_85dc6f0_0332654.aup
Valid: True
Version: 2
Firmware Version: 20051101_85dc6f0_0332654
Payload Length: 858757
Payload CRC: 5166fec8
Header Size: 200
Hardware Types: MM3v1_X3
Software Types: MM310, MM310_OOW
Payload CRC Valid: True

File: 11-A1246-A3200LC-Plus-P3600W-New-Temp75-2HASH_22062202_be77c30_a769bbf.aup
Valid: True
Version: 2
Firmware Version: 22062202_be77c30_a769bbf
Payload Length: 808709
Payload CRC: a2099536
Header Size: 200
Hardware Types: MM3v2_X2
Software Types: MM315, MM315_OOW
Payload CRC Valid: True

File: A1066Pro-A3204-Plus_20060801_2da56f2_5bd367f.aup
Valid: True
Version: 2
Firmware Version: 20060801_2da56f2_5bd367f
Payload Length: 860480
Payload CRC: d2f93ea5
Header Size: 200
Hardware Types: MM3v1_X3
Software Types: MM311, MM311_OOW
Payload CRC Valid: True

File: A1066Pro-A3204-Plus_20042901_c379a0b_62ff94a.aup
Valid: True
Version: 2
Firmware Version: 20042901_c379a0b_62ff94a
Payload Length: 857413
Payload CRC: 03bf0606
Header Size: 200
Hardware Types: MM3v1_X3
Software Types: MM311, MM311_OOW
Payload CRC Valid: True

File: A1066_20042901_c379a0b_62ff94a.aup
Valid: True
Version: 2
Firmware Version: 20042901_c379a0b_62ff94a
Payload Length: 857797
Payload CRC: 148795e7
Header Size: 200
Hardware Types: MM3v1_X3
Software Types: MM310, MM310_OOW
Payload CRC Valid: True

File: A10APP_19082902_cbc3a40_cc80dda.aup
Valid: True
Version: 0
Firmware Version: 19082902_cbc3a40_cc80dda
Payload Length: 727941
Payload CRC: 40e8bdcf
Header Size: 92
Payload CRC Valid: True

File: A1166Pro-A3202-Plus-P3600W-New_20121001_4ec6bb0_8ea286a.aup
Valid: True
Version: 2
Firmware Version: 20121001_4ec6bb0_8ea286a
Payload Length: 788544
Payload CRC: f63a394b
Header Size: 200
Hardware Types: MM3v2_X3
Software Types: MM313, MM313_OOW
Payload CRC Valid: True

File: HASH-A3202_20061901_ee0ed56_030b0fc.aup
Valid: True
Version: 0
Firmware Version: 20061901_ee0ed56_030b0fc
Payload Length: 131845
Payload CRC: 7d71e341
Header Size: 92
Payload CRC Valid: True

File: A1066Pro-A3203-Plus_20042901_c379a0b_62ff94a.aup
Valid: True
Version: 2
Firmware Version: 20042901_c379a0b_62ff94a
Payload Length: 856837
Payload CRC: fbaf1eb2
Header Size: 200
Hardware Types: MM3v1_X3
Software Types: MM312, MM312_OOW
Payload CRC Valid: True

File: 6-A1166Pro-A3202-Plus-P3600W_20091101_a1d4225_0a448d4.aup
Valid: True
Version: 2
Firmware Version: 20091101_a1d4225_0a448d4
Payload Length: 763136
Payload CRC: 44ecf106
Header Size: 200
Hardware Types: MM3v1_X3
Software Types: MM313, MM313_OOW
Payload CRC Valid: True

File: HASH-A3201_20123101_4ec6bb0_82f0849.aup
Valid: True
Version: 0
Firmware Version: 20123101_4ec6bb0_82f0849
Payload Length: 134469
Payload CRC: 5b5695d4
Header Size: 92
Payload CRC Valid: True

File: 14-A1346I-N-A3200C-P2500W-LC-2HASH_23011801_6d4cd98_50a62da.aup
Valid: True
Version: 2
Firmware Version: 23011801_6d4cd98_50a62da
Payload Length: 1065605
Payload CRC: 5ef59cd6
Header Size: 200
Hardware Types: MM3v2_X2_LC
Software Types: MM317, MM317_OOW
Payload CRC Valid: True

File: HASH-A3204_20092501_a1d4225_25e3bde.aup
Valid: True
Version: 0
Firmware Version: 20092501_a1d4225_25e3bde
Payload Length: 131525
Payload CRC: 6d79adc6
Header Size: 92
Payload CRC Valid: True

File: A1146Pro-A3203-Plus-P3600W_20080301_ee8af60_779ebe1.aup
Valid: True
Version: 2
Firmware Version: 20080301_ee8af60_779ebe1
Payload Length: 758912
Payload CRC: 92601aae
Header Size: 200
Hardware Types: MM3v2_X3
Software Types: MM312, MM312_OOW
Payload CRC Valid: True

File: A1066Pro-A3204_20041701_c70c754_8d702b6.aup
Valid: True
Version: 2
Firmware Version: 20041701_c70c754_8d702b6
Payload Length: 855365
Payload CRC: a3840129
Header Size: 200
Hardware Types: MM3v1_X3
Software Types: MM311, MM311_OOW
Payload CRC Valid: True
